# JRE version: Java(TM) SE Runtime Environment (7.0_72-b14) (build 1.7.0_72-b14)
# Java VM: Java HotSpot(TM) 64-Bit Server VM (24.72-b04 mixed mode windows-amd64 compressed oops)
Heap
 PSYoungGen      total 98816K, used 60457K [0x00000007c0b00000, 0x00000007c8800000, 0x0000000800000000)
  eden space 91136K, 66% used [0x00000007c0b00000,0x00000007c45fa680,0x00000007c6400000)
  from space 7680K, 0% used [0x00000007c7380000,0x00000007c7390000,0x00000007c7b00000)
  to   space 15872K, 0% used [0x00000007c6400000,0x00000007c6400000,0x00000007c7380000)
 ParOldGen       total 154112K, used 81089K [0x0000000742200000, 0x000000074b880000, 0x00000007c0b00000)
  object space 154112K, 52% used [0x0000000742200000,0x0000000747130710,0x000000074b880000)
 PSPermGen       total 21504K, used 9797K [0x000000073d000000, 0x000000073e500000, 0x0000000742200000)
  object space 21504K, 45% used [0x000000073d000000,0x000000073d9917c8,0x000000073e500000)
GC Heap History (10 events):
Event: 26.603 GC heap before
{Heap before GC invocations=33 (full 1):
 PSYoungGen      total 107008K, used 99528K [0x00000007c0b00000, 0x00000007c7b00000, 0x0000000800000000)
  eden space 99328K, 100% used [0x00000007c0b00000,0x00000007c6c00000,0x00000007c6c00000)
  from space 7680K, 2% used [0x00000007c6c00000,0x00000007c6c32190,0x00000007c7380000)
  to   space 7680K, 0% used [0x00000007c7380000,0x00000007c7380000,0x00000007c7b00000)
 ParOldGen       total 154112K, used 81065K [0x0000000742200000, 0x000000074b880000, 0x00000007c0b00000)
  object space 154112K, 52% used [0x0000000742200000,0x000000074712a710,0x000000074b880000)
 PSPermGen       total 21504K, used 9770K [0x000000073d000000, 0x000000073e500000, 0x0000000742200000)
  object space 21504K, 45% used [0x000000073d000000,0x000000073d98ab60,0x000000073e500000)
Event: 26.605 GC heap after
Heap after GC invocations=33 (full 1):
 PSYoungGen      total 107008K, used 161K [0x00000007c0b00000, 0x00000007c7b00000, 0x0000000800000000)
  eden space 99328K, 0% used [0x00000007c0b00000,0x00000007c0b00000,0x00000007c6c00000)
  from space 7680K, 2% used [0x00000007c7380000,0x00000007c73a87c8,0x00000007c7b00000)
  to   space 7680K, 0% used [0x00000007c6c00000,0x00000007c6c00000,0x00000007c7380000)
 ParOldGen       total 154112K, used 81065K [0x0000000742200000, 0x000000074b880000, 0x00000007c0b00000)
  object space 154112K, 52% used [0x0000000742200000,0x000000074712a710,0x000000074b880000)
 PSPermGen       total 21504K, used 9770K [0x000000073d000000, 0x000000073e500000, 0x0000000742200000)
  object space 21504K, 45% used [0x000000073d000000,0x000000073d98ab60,0x000000073e500000)
}
Event: 27.184 GC heap before
{Heap before GC invocations=34 (full 1):
 PSYoungGen      total 107008K, used 99489K [0x00000007c0b00000, 0x00000007c7b00000, 0x0000000800000000)
  eden space 99328K, 100% used [0x00000007c0b00000,0x00000007c6c00000,0x00000007c6c00000)
  from space 7680K, 2% used [0x00000007c7380000,0x00000007c73a87c8,0x00000007c7b00000)
  to   space 7680K, 0% used [0x00000007c6c00000,0x00000007c6c00000,0x00000007c7380000)
 ParOldGen       total 154112K, used 81065K [0x0000000742200000, 0x000000074b880000, 0x00000007c0b00000)
  object space 154112K, 52% used [0x0000000742200000,0x000000074712a710,0x000000074b880000)
 PSPermGen       total 21504K, used 9771K [0x000000073d000000, 0x000000073e500000, 0x0000000742200000)
  object space 21504K, 45% used [0x000000073d000000,0x000000073d98ad28,0x000000073e500000)
Event: 27.185 GC heap after
Heap after GC invocations=34 (full 1):
 PSYoungGen      total 107008K, used 192K [0x00000007c0b00000, 0x00000007c7b00000, 0x0000000800000000)
  eden space 99328K, 0% used [0x00000007c0b00000,0x00000007c0b00000,0x00000007c6c00000)
  from space 7680K, 2% used [0x00000007c6c00000,0x00000007c6c30000,0x00000007c7380000)
  to   space 7680K, 0% used [0x00000007c7380000,0x00000007c7380000,0x00000007c7b00000)
 ParOldGen       total 154112K, used 81065K [0x0000000742200000, 0x000000074b880000, 0x00000007c0b00000)
  object space 154112K, 52% used [0x0000000742200000,0x000000074712a710,0x000000074b880000)
 PSPermGen       total 21504K, used 9771K [0x000000073d000000, 0x000000073e500000, 0x0000000742200000)
  object space 21504K, 45% used [0x000000073d000000,0x000000073d98ad28,0x000000073e500000)
}
Event: 27.793 GC heap before
{Heap before GC invocations=35 (full 1):
 PSYoungGen      total 107008K, used 99520K [0x00000007c0b00000, 0x00000007c7b00000, 0x0000000800000000)
  eden space 99328K, 100% used [0x00000007c0b00000,0x00000007c6c00000,0x00000007c6c00000)
  from space 7680K, 2% used [0x00000007c6c00000,0x00000007c6c30000,0x00000007c7380000)
  to   space 7680K, 0% used [0x00000007c7380000,0x00000007c7380000,0x00000007c7b00000)
 ParOldGen       total 154112K, used 81065K [0x0000000742200000, 0x000000074b880000, 0x00000007c0b00000)
  object space 154112K, 52% used [0x0000000742200000,0x000000074712a710,0x000000074b880000)
 PSPermGen       total 21504K, used 9773K [0x000000073d000000, 0x000000073e500000, 0x0000000742200000)
  object space 21504K, 45% used [0x000000073d000000,0x000000073d98b6f8,0x000000073e500000)
Event: 27.794 GC heap after
Heap after GC invocations=35 (full 1):
 PSYoungGen      total 107008K, used 195K [0x00000007c0b00000, 0x00000007c7b00000, 0x0000000800000000)
  eden space 99328K, 0% used [0x00000007c0b00000,0x00000007c0b00000,0x00000007c6c00000)
  from space 7680K, 2% used [0x00000007c7380000,0x00000007c73b0e88,0x00000007c7b00000)
  to   space 7680K, 0% used [0x00000007c6c00000,0x00000007c6c00000,0x00000007c7380000)
 ParOldGen       total 154112K, used 81073K [0x0000000742200000, 0x000000074b880000, 0x00000007c0b00000)
  object space 154112K, 52% used [0x0000000742200000,0x000000074712c710,0x000000074b880000)
 PSPermGen       total 21504K, used 9773K [0x000000073d000000, 0x000000073e500000, 0x0000000742200000)
  object space 21504K, 45% used [0x000000073d000000,0x000000073d98b6f8,0x000000073e500000)
}
Event: 28.257 GC heap before
{Heap before GC invocations=36 (full 1):
 PSYoungGen      total 107008K, used 99523K [0x00000007c0b00000, 0x00000007c7b00000, 0x0000000800000000)
  eden space 99328K, 100% used [0x00000007c0b00000,0x00000007c6c00000,0x00000007c6c00000)
  from space 7680K, 2% used [0x00000007c7380000,0x00000007c73b0e88,0x00000007c7b00000)
  to   space 7680K, 0% used [0x00000007c6c00000,0x00000007c6c00000,0x00000007c7380000)
 ParOldGen       total 154112K, used 81073K [0x0000000742200000, 0x000000074b880000, 0x00000007c0b00000)
  object space 154112K, 52% used [0x0000000742200000,0x000000074712c710,0x000000074b880000)
 PSPermGen       total 21504K, used 9777K [0x000000073d000000, 0x000000073e500000, 0x0000000742200000)
  object space 21504K, 45% used [0x000000073d000000,0x000000073d98c540,0x000000073e500000)
Event: 28.260 GC heap after
Heap after GC invocations=36 (full 1):
 PSYoungGen      total 107008K, used 160K [0x00000007c0b00000, 0x00000007c7b00000, 0x0000000800000000)
  eden space 99328K, 0% used [0x00000007c0b00000,0x00000007c0b00000,0x00000007c6c00000)
  from space 7680K, 2% used [0x00000007c6c00000,0x00000007c6c28000,0x00000007c7380000)
  to   space 7680K, 0% used [0x00000007c7380000,0x00000007c7380000,0x00000007c7b00000)
 ParOldGen       total 154112K, used 81089K [0x0000000742200000, 0x000000074b880000, 0x00000007c0b00000)
  object space 154112K, 52% used [0x0000000742200000,0x0000000747130710,0x000000074b880000)
 PSPermGen       total 21504K, used 9777K [0x000000073d000000, 0x000000073e500000, 0x0000000742200000)
  object space 21504K, 45% used [0x000000073d000000,0x000000073d98c540,0x000000073e500000)
}
Event: 28.762 GC heap before
{Heap before GC invocations=37 (full 1):
 PSYoungGen      total 107008K, used 99488K [0x00000007c0b00000, 0x00000007c7b00000, 0x0000000800000000)
  eden space 99328K, 100% used [0x00000007c0b00000,0x00000007c6c00000,0x00000007c6c00000)
  from space 7680K, 2% used [0x00000007c6c00000,0x00000007c6c28000,0x00000007c7380000)
  to   space 7680K, 0% used [0x00000007c7380000,0x00000007c7380000,0x00000007c7b00000)
 ParOldGen       total 154112K, used 81089K [0x0000000742200000, 0x000000074b880000, 0x00000007c0b00000)
  object space 154112K, 52% used [0x0000000742200000,0x0000000747130710,0x000000074b880000)
 PSPermGen       total 21504K, used 9778K [0x000000073d000000, 0x000000073e500000, 0x0000000742200000)
  object space 21504K, 45% used [0x000000073d000000,0x000000073d98ca60,0x000000073e500000)
Event: 28.764 GC heap after
Heap after GC invocations=37 (full 1):
 PSYoungGen      total 98816K, used 64K [0x00000007c0b00000, 0x00000007c8800000, 0x0000000800000000)
  eden space 91136K, 0% used [0x00000007c0b00000,0x00000007c0b00000,0x00000007c6400000)
  from space 7680K, 0% used [0x00000007c7380000,0x00000007c7390000,0x00000007c7b00000)
  to   space 15872K, 0% used [0x00000007c6400000,0x00000007c6400000,0x00000007c7380000)
 ParOldGen       total 154112K, used 81089K [0x0000000742200000, 0x000000074b880000, 0x00000007c0b00000)
  object space 154112K, 52% used [0x0000000742200000,0x0000000747130710,0x000000074b880000)
 PSPermGen       total 21504K, used 9778K [0x000000073d000000, 0x000000073e500000, 0x0000000742200000)
  object space 21504K, 45% used [0x000000073d000000,0x000000073d98ca60,0x000000073e500000)
}

